[22:52:41] [Server thread/INFO]: Starting minecraft server version 1.12
[22:52:41] [Server thread/INFO]: Loading properties
[22:52:41] [Server thread/INFO]: Default game type: CREATIVE
[22:52:41] [Server thread/INFO]: Generating keypair
[22:52:42] [Server thread/INFO]: Starting Minecraft server on *:25565
[22:52:42] [Server thread/INFO]: Using epoll channel type
[22:52:42] [Server thread/INFO]: This server is running CraftBukkit version git-Bukkit-ed8c725 (MC: 1.12) (Implementing API version 1.12-R0.1-SNAPSHOT)
[22:52:43] [Server thread/INFO]: [RaspberryJuice] Loading RaspberryJuice v1.10
[22:52:43] [Server thread/WARN]: **** SERVER IS RUNNING IN OFFLINE/INSECURE MODE!
[22:52:43] [Server thread/WARN]: The server will make no attempt to authenticate usernames. Beware.
[22:52:43] [Server thread/WARN]: While this makes the game possible to play without internet access, it also opens up the ability for hackers to connect with any username they choose.
[22:52:43] [Server thread/WARN]: To change this, set "online-mode" to "true" in the server.properties file.
[22:52:43] [Server thread/INFO]: Preparing level "world"
[22:52:45] [Server thread/INFO]: Preparing start region for level 0 (Seed: 4013093828207788065)
[22:52:47] [Server thread/INFO]: Preparing spawn area: 4%
[22:52:48] [Server thread/INFO]: Preparing spawn area: 7%
[22:52:49] [Server thread/INFO]: Preparing spawn area: 10%
[22:52:50] [Server thread/INFO]: Preparing spawn area: 14%
[22:52:51] [Server thread/INFO]: Preparing spawn area: 18%
[22:52:52] [Server thread/INFO]: Preparing spawn area: 23%
[22:52:53] [Server thread/INFO]: Preparing spawn area: 27%
[22:52:54] [Server thread/INFO]: Preparing spawn area: 30%
[22:52:55] [Server thread/INFO]: Preparing spawn area: 35%
[22:52:56] [Server thread/INFO]: Preparing spawn area: 40%
[22:52:57] [Server thread/INFO]: Preparing spawn area: 46%
[22:52:58] [Server thread/INFO]: Preparing spawn area: 50%
[22:52:59] [Server thread/INFO]: Preparing spawn area: 55%
[22:53:00] [Server thread/INFO]: Preparing spawn area: 60%
[22:53:01] [Server thread/INFO]: Preparing spawn area: 63%
[22:53:02] [Server thread/INFO]: Preparing spawn area: 68%
[22:53:03] [Server thread/INFO]: Preparing spawn area: 73%
[22:53:04] [Server thread/INFO]: Preparing spawn area: 81%
[22:53:05] [Server thread/INFO]: Preparing spawn area: 88%
[22:53:06] [Server thread/INFO]: Preparing spawn area: 97%
[22:53:07] [Server thread/INFO]: Preparing start region for level 1 (Seed: 4013093828207788065)
[22:53:08] [Server thread/INFO]: Preparing spawn area: 8%
[22:53:09] [Server thread/INFO]: Preparing spawn area: 15%
[22:53:10] [Server thread/INFO]: Preparing spawn area: 23%
[22:53:11] [Server thread/INFO]: Preparing spawn area: 32%
[22:53:12] [Server thread/INFO]: Preparing spawn area: 45%
[22:53:13] [Server thread/INFO]: Preparing spawn area: 54%
[22:53:14] [Server thread/INFO]: Preparing spawn area: 58%
[22:53:15] [Server thread/INFO]: Preparing spawn area: 66%
[22:53:16] [Server thread/INFO]: Preparing spawn area: 75%
[22:53:17] [Server thread/INFO]: Preparing spawn area: 89%
[22:53:18] [Server thread/INFO]: Preparing start region for level 2 (Seed: 4013093828207788065)
[22:53:19] [Server thread/INFO]: Preparing spawn area: 40%
[22:53:20] [Server thread/INFO]: Preparing spawn area: 75%
[22:53:20] [Server thread/INFO]: [RaspberryJuice] Enabling RaspberryJuice v1.10
[22:53:20] [Server thread/INFO]: [RaspberryJuice] Using port 4711
[22:53:20] [Server thread/INFO]: [RaspberryJuice] Using ABSOLUTE locations
[22:53:20] [Server thread/INFO]: [RaspberryJuice] Using BOTH clicks for hits
[22:53:20] [Server thread/INFO]: [RaspberryJuice] ThreadListener Started
[22:53:20] [Server thread/INFO]: Server permissions file permissions.yml is empty, ignoring it
[22:53:20] [Server thread/INFO]: Done (37.582s)! For help, type "help" or "?"
[22:53:23] [Server thread/WARN]: Can't keep up! Did the system time change, or is the server overloaded? Running 2539ms behind, skipping 50 tick(s)
[22:57:10] [Server thread/INFO]: martinohanlon[/192.168.1.113:51407] logged in with entity id 2191 at ([world]-275.5, 61.0, 308.5)
[22:58:28] [Server thread/INFO]: Stopping the server
[22:58:28] [Server thread/INFO]: Stopping server
[22:58:28] [Server thread/INFO]: [RaspberryJuice] Disabling RaspberryJuice v1.10
[22:58:28] [Server thread/INFO]: [RaspberryJuice] Raspberry Juice Stopped
[22:58:28] [Server thread/INFO]: Saving players
[22:58:28] [Server thread/INFO]: martinohanlon lost connection: Server closed
[22:58:28] [Server thread/INFO]: martinohanlon left the game
[22:58:28] [Server thread/INFO]: Saving worlds
[22:58:28] [Server thread/INFO]: Saving chunks for level 'world'/overworld
[22:58:28] [Server thread/INFO]: Saving chunks for level 'world_nether'/the_nether
[22:58:28] [Server thread/INFO]: Saving chunks for level 'world_the_end'/the_end
